<?xml version="1.0" encoding="UTF-8"?>
<!-- Generated by org.testng.reporters.JUnitXMLReporter -->
<testsuite ignored="0" hostname="LTIN513308" failures="0" tests="3" name="Test 1" time="63.524" errors="0" timestamp="2024-04-21T17:57:13 IST">
  <testcase classname="miniProjectBySagnikLala.OnlineMobileSearch" name="displayString" time="20.77"/>
  <testcase classname="miniProjectBySagnikLala.OnlineMobileSearch" name="sortingOptions" time="13.481"/>
  <testcase classname="miniProjectBySagnikLala.OnlineMobileSearch" name="newestArrivals" time="10.085"/>
</testsuite> <!-- Test 1 -->
