<?xml version="1.0" encoding="UTF-8"?>
<!-- Generated by org.testng.reporters.JUnitXMLReporter -->
<testsuite ignored="0" hostname="LTIN513308" failures="0" tests="3" name="Test 3" time="66.286" errors="0" timestamp="2024-04-21T17:57:16 IST">
  <testcase classname="miniProjectBySagnikLala.OnlineMobileSearch" name="displayString" time="21.02"/>
  <testcase classname="miniProjectBySagnikLala.OnlineMobileSearch" name="sortingOptions" time="13.348"/>
  <testcase classname="miniProjectBySagnikLala.OnlineMobileSearch" name="newestArrivals" time="10.134"/>
</testsuite> <!-- Test 3 -->
